/Users/xiaomicamera/Documents/dev/MonitoringH24/venv/lib/python3.9/site-packages/urllib3/__init__.py:35: NotOpenSSLWarning: urllib3 v2 only supports OpenSSL 1.1.1+, currently the 'ssl' module is compiled with 'LibreSSL 2.8.3'. See: https://github.com/urllib3/urllib3/issues/3020
  warnings.warn(
============================================================
VLM Daily Monitor — Monitoraggio h24
  Modello:      gemma-4-26b-a4b-it
  Server:       http://localhost:1234
  Cattura:      Screen capture
  Intervallo:   30s (adattivo)
  Diario:       a mezzanotte (automatico)
  Output:       diari
============================================================
Premi Ctrl+C per fermare e generare il diario

[08:34] [EVT×4] La persona non è visibile nelle immagini fornite, in quanto il segnale video risulta bloccato o assente. Impossibile effettuare valutazioni cliniche su postura, movimento o rischi per la sicurezza.
[IA-STRATEGY] Prossimo check tra 10s (REATTIVO)
[ROTAZIONE] Movimento camera rilevato (Diff: 104.02), ignoro...
[08:34] [FIX×1] La persona non è visibile nelle immagini fornite, in quanto il segnale video risulta assente o bloccato. Impossibile effettuare valutazioni cliniche su postura, movimento o rischi per la sicurezza.
[08:34] [FIX×1] La persona non è visibile nell'immagine. Impossibile effettuare valutazioni cliniche su postura, movimento o rischi per la sicurezza.
[IA-STRATEGY] Prossimo check tra 30s (RISPARMIO)
[ROTAZIONE] Movimento camera rilevato (Diff: 75.30), ignoro...
[IA-STRATEGY] Prossimo check tra 50s (RISPARMIO)
[IA-STRATEGY] Prossimo check tra 70s (RISPARMIO)
[IA-STRATEGY] Prossimo check tra 90s (RISPARMIO)
[IA-STRATEGY] Prossimo check tra 110s (RISPARMIO)
[IA-STRATEGY] Prossimo check tra 130s (RISPARMIO)
[IA-STRATEGY] Prossimo check tra 150s (RISPARMIO)
[IA-STRATEGY] Prossimo check tra 170s (RISPARMIO)
[IA-STRATEGY] Prossimo check tra 190s (RISPARMIO)
[IA-STRATEGY] Prossimo check tra 210s (RISPARMIO)
[IA-STRATEGY] Prossimo check tra 230s (RISPARMIO)
[IA-STRATEGY] Prossimo check tra 250s (RISPARMIO)
[IA-STRATEGY] Prossimo check tra 270s (RISPARMIO)
[IA-STRATEGY] Prossimo check tra 290s (RISPARMIO)
[IA-STRATEGY] Prossimo check tra 300s (RISPARMIO)
[ROTAZIONE] Movimento camera rilevato (Diff: 84.43), ignoro...
[ROTAZIONE] Movimento camera rilevato (Diff: 84.57), ignoro...
[08:39] [FIX×1] La persona non è visibile nell'immagine. Impossibile effettuare valutazioni cliniche su postura, movimento o rischi per la sicurezza.
[IA-STRATEGY] Prossimo check tra 20s (REATTIVO)
[08:41] [EVT×7] La persona non è visibile nelle immagini fornite. Impossibile effettuare valutazioni cliniche su postura, movimento o rischi per la sicurezza.
[IA-STRATEGY] Prossimo check tra 40s (RISPARMIO)
[IA-STRATEGY] Prossimo check tra 60s (RISPARMIO)
[IA-STRATEGY] Prossimo check tra 80s (RISPARMIO)
[IA-STRATEGY] Prossimo check tra 100s (RISPARMIO)
[IA-STRATEGY] Prossimo check tra 120s (RISPARMIO)
[IA-STRATEGY] Prossimo check tra 140s (RISPARMIO)
[IA-STRATEGY] Prossimo check tra 160s (RISPARMIO)
[IA-STRATEGY] Prossimo check tra 180s (RISPARMIO)
[IA-STRATEGY] Prossimo check tra 200s (RISPARMIO)
[IA-STRATEGY] Prossimo check tra 220s (RISPARMIO)
[IA-STRATEGY] Prossimo check tra 240s (RISPARMIO)
[IA-STRATEGY] Prossimo check tra 10s (REATTIVO)
[08:43] [EVT×9] La persona è presente e si trova in piedi, con la schiena rivolta verso la telecamera. Si sta muovendo lentamente verso l'altra stanza, mantenendo una postura eretta senza segni evidenti di instabilità o assistenza.
[08:43] [SKIP] Scena stabile (diff=0.8)
[IA-STRATEGY] Prossimo check tra 30s (RISPARMIO)
[IA-STRATEGY] Prossimo check tra 10s (REATTIVO)
[08:43] [FIX×1] La persona non è visibile nell'immagine. Impossibile effettuare valutazioni cliniche su postura, movimento o rischi per la sicurezza.
[IA-STRATEGY] Prossimo check tra 30s (RISPARMIO)
[IA-STRATEGY] Prossimo check tra 50s (RISPARMIO)
[IA-STRATEGY] Prossimo check tra 70s (RISPARMIO)
[IA-STRATEGY] Prossimo check tra 90s (RISPARMIO)
[IA-STRATEGY] Prossimo check tra 110s (RISPARMIO)
[IA-STRATEGY] Prossimo check tra 130s (RISPARMIO)
[IA-STRATEGY] Prossimo check tra 150s (RISPARMIO)
[IA-STRATEGY] Prossimo check tra 170s (RISPARMIO)
[IA-STRATEGY] Prossimo check tra 190s (RISPARMIO)
[IA-STRATEGY] Prossimo check tra 210s (RISPARMIO)
[IA-STRATEGY] Prossimo check tra 230s (RISPARMIO)
[IA-STRATEGY] Prossimo check tra 250s (RISPARMIO)
[IA-STRATEGY] Prossimo check tra 270s (RISPARMIO)
[IA-STRATEGY] Prossimo check tra 290s (RISPARMIO)
[IA-STRATEGY] Prossimo check tra 30s (REATTIVO)
[08:46] [EVT×7] La persona non è visibile nell'immagine. Impossibile effettuare valutazioni cliniche su postura, movimento o rischi per la sicurezza.
[IA-STRATEGY] Prossimo check tra 10s (REATTIVO)
[08:46] [FIX×1] La persona è presente, in piedi e di spalle rispetto alla telecamera. Si sta muovendo verso l'uscita della stanza con postura eretta e movimento apparentemente stabile, senza necessità di assistenza visibile.
[IA-STRATEGY] Prossimo check tra 30s (RISPARMIO)
[IA-STRATEGY] Prossimo check tra 50s (RISPARMIO)
[IA-STRATEGY] Prossimo check tra 70s (RISPARMIO)
[IA-STRATEGY] Prossimo check tra 90s (RISPARMIO)
[IA-STRATEGY] Prossimo check tra 110s (RISPARMIO)
[IA-STRATEGY] Prossimo check tra 130s (RISPARMIO)
[IA-STRATEGY] Prossimo check tra 10s (REATTIVO)
[08:48] [EVT×9] La persona è presente, in piedi e di spalle rispetto alla telecamera. Si sta muovendo verso l'uscita della stanza con postura eretta e movimento apparentemente stabile, senza necessità di assistenza visibile. Non si notano segni di instabilità o difficoltà motorie durante lo spostamento.
[08:48] [SKIP] Scena stabile (diff=0.7)
[IA-STRATEGY] Prossimo check tra 30s (RISPARMIO)
[IA-STRATEGY] Prossimo check tra 50s (RISPARMIO)
[IA-STRATEGY] Prossimo check tra 70s (RISPARMIO)
[IA-STRATEGY] Prossimo check tra 10s (REATTIVO)
[08:49] [EVT×9] La persona è presente, in piedi e di spalle nella stanza adiacente. Si sta muovendo verso la telecamera con postura eretta e movimento apparentemente stabile, senza segni di assistenza o difficoltà motorie evidenti.
[08:49] [FIX×1] La persona è presente, in piedi e di spalle nella stanza adiacente. Il movimento appare stabile e autonomo, senza segni di difficoltà motorie o necessità di assistenza.
[IA-STRATEGY] Prossimo check tra 30s (RISPARMIO)
[IA-STRATEGY] Prossimo check tra 50s (RISPARMIO)
[IA-STRATEGY] Prossimo check tra 70s (RISPARMIO)
[IA-STRATEGY] Prossimo check tra 90s (RISPARMIO)
[IA-STRATEGY] Prossimo check tra 110s (RISPARMIO)
[IA-STRATEGY] Prossimo check tra 130s (RISPARMIO)
[IA-STRATEGY] Prossimo check tra 150s (RISPARMIO)
[IA-STRATEGY] Prossimo check tra 170s (RISPARMIO)
[IA-STRATEGY] Prossimo check tra 10s (REATTIVO)
[08:51] [EVT×9] La persona è presente, in piedi nella stanza adiacente. Si sta muovendo verso l'area principale con postura eretta e movimento autonomo, apparentemente stabile e senza segni di difficoltà motorie o necessità di assistenza.
[IA-STRATEGY] Prossimo check tra 30s (RISPARMIO)
[IA-STRATEGY] Prossimo check tra 50s (RISPARMIO)
[IA-STRATEGY] Prossimo check tra 70s (RISPARMIO)
[IA-STRATEGY] Prossimo check tra 90s (RISPARMIO)
[IA-STRATEGY] Prossimo check tra 110s (RISPARMIO)
[IA-STRATEGY] Prossimo check tra 130s (RISPARMIO)
[IA-STRATEGY] Prossimo check tra 150s (RISPARMIO)
[IA-STRATEGY] Prossimo check tra 170s (RISPARMIO)
[IA-STRATEGY] Prossimo check tra 190s (RISPARMIO)
[IA-STRATEGY] Prossimo check tra 30s (REATTIVO)
[08:52] [EVT×7] La persona è presente e si è spostata dalla posizione seduta in stanza adiacente alla posizione eretta nel soggiorno. Il movimento appare autonomo, con postura eretta e stabilità nel camminare; non si rilevano segni di difficoltà o rischio caduta.
[IA-STRATEGY] Prossimo check tra 10s (REATTIVO)
[08:53] [SKIP] Scena stabile (diff=1.3)
[IA-STRATEGY] Prossimo check tra 30s (RISPARMIO)
[IA-STRATEGY] Prossimo check tra 50s (RISPARMIO)
[IA-STRATEGY] Prossimo check tra 10s (REATTIVO)
[08:53] [EVT×9] La persona è presente, in piedi e si sta muovendo verso il divano con postura eretta. Il movimento appare autonomo, fluido e stabile, senza segni di difficoltà motorie o necessità di assistenza.
[08:53] [SKIP] Scena stabile (diff=1.3)
[IA-STRATEGY] Prossimo check tra 30s (RISPARMIO)
[IA-STRATEGY] Prossimo check tra 50s (RISPARMIO)
[IA-STRATEGY] Prossimo check tra 70s (RISPARMIO)
[IA-STRATEGY] Prossimo check tra 90s (RISPARMIO)
[IA-STRATEGY] Prossimo check tra 110s (RISPARMIO)
[IA-STRATEGY] Prossimo check tra 130s (RISPARMIO)
[IA-STRATEGY] Prossimo check tra 150s (RISPARMIO)
[IA-STRATEGY] Prossimo check tra 170s (RISPARMIO)
[IA-STRATEGY] Prossimo check tra 190s (RISPARMIO)
[IA-STRATEGY] Prossimo check tra 210s (RISPARMIO)
[IA-STRATEGY] Prossimo check tra 10s (REATTIVO)
[08:56] [EVT×9] La persona è presente, in piedi e di spalle nella stanza adiacente. L'attività consiste nel muoversi verso la finestra; la postura è eretta e il movimento appare autonomo, fluido e stabile. Non si rilevano segni di difficoltà motorie o rischi immediati.
[IA-STRATEGY] Prossimo check tra 30s (RISPARMIO)
[IA-STRATEGY] Prossimo check tra 50s (RISPARMIO)
[IA-STRATEGY] Prossimo check tra 70s (RISPARMIO)
[IA-STRATEGY] Prossimo check tra 90s (RISPARMIO)
[IA-STRATEGY] Prossimo check tra 30s (REATTIVO)
[08:57] [EVT×7] La persona è presente, in piedi e di spalle nella stanza adiacente. L'attività consiste nel muoversi verso la finestra; la postura è eretta e il movimento appare autonomo, fluido e stabile. Non si rilevano segni di difficoltà motorie o rischi immediati.
[IA-STRATEGY] Prossimo check tra 50s (RISPARMIO)
[IA-STRATEGY] Prossimo check tra 70s (RISPARMIO)
[IA-STRATEGY] Prossimo check tra 90s (RISPARMIO)
[IA-STRATEGY] Prossimo check tra 110s (RISPARMIO)
[IA-STRATEGY] Prossimo check tra 30s (REATTIVO)
[08:58] [EVT×7] La persona è presente, in piedi e di spalle nella stanza adiacente. L'attività consiste nel muoversi verso la finestra; la postura è eretta e il movimento appare autonomo, fluido e stabile. Non si rilevano segni di difficoltà motorie o rischi immediati.
[IA-STRATEGY] Prossimo check tra 50s (RISPARMIO)
[IA-STRATEGY] Prossimo check tra 70s (RISPARMIO)
[IA-STRATEGY] Prossimo check tra 90s (RISPARMIO)
[IA-STRATEGY] Prossimo check tra 110s (RISPARMIO)
[IA-STRATEGY] Prossimo check tra 130s (RISPARMIO)
[IA-STRATEGY] Prossimo check tra 150s (RISPARMIO)
[IA-STRATEGY] Prossimo check tra 170s (RISPARMIO)
[IA-STRATEGY] Prossimo check tra 190s (RISPARMIO)
[IA-STRATEGY] Prossimo check tra 210s (RISPARMIO)
[IA-STRATEGY] Prossimo check tra 230s (RISPARMIO)
[IA-STRATEGY] Prossimo check tra 10s (REATTIVO)
[09:00] [EVT×9] La persona è presente, in piedi e si muove all'interno della stanza. Il movimento appare autonomo e la postura eretta, senza segni evidenti di instabilità o difficoltà motorie.

[SINTESI 08:00] Ecco il riassunto clinico del periodo monitorato:

Dopo un'iniziale assenza di segnale video che ha impedito la valutazione fino alle 08:41, il paziente è apparso nell'ambiente con movimenti autonomi e fluidi. La persona si è spostata tra le stanze, passando dalla posizione seduta a quella eretta, mantenendo sempre una postura stabile e un cammino sicuro senza necessità di assistenza. Non si sono rilevate variazioni nel tono motorio o segni di instabilità, con un quadro clinico che appare costante e privo di rischi immediati per la sicurezza.

[09:00] [SKIP] Scena stabile (diff=0.6)
[IA-STRATEGY] Prossimo check tra 30s (RISPARMIO)
[IA-STRATEGY] Prossimo check tra 50s (RISPARMIO)
[IA-STRATEGY] Prossimo check tra 70s (RISPARMIO)
[IA-STRATEGY] Prossimo check tra 10s (REATTIVO)
[09:01] [EVT×9] La persona è presente, in piedi e si sta allontanando verso la stanza adiacente. Il movimento appare autonomo, fluido e con postura eretta, senza segni di instabilità o necessità di assistenza.
[09:01] [FIX×1] La persona non è visibile nell'inquadratura attuale. Non è possibile valutare la postura o la mobilità in questo momento.
[IA-STRATEGY] Prossimo check tra 30s (RISPARMIO)
[IA-STRATEGY] Prossimo check tra 50s (RISPARMIO)
[IA-STRATEGY] Prossimo check tra 70s (RISPARMIO)
[IA-STRATEGY] Prossimo check tra 90s (RISPARMIO)
[IA-STRATEGY] Prossimo check tra 10s (REATTIVO)
[09:02] [EVT×9] La persona è presente, in piedi e di spalle nella stanza adiacente. L'attività consiste nel camminare verso la zona finestra; il movimento appare autonomo, fluido e la postura è eretta. Non si rilevano segni di instabilità o rischi di caduta.
[09:02] [FIX×1] La persona è presente, in piedi e di spalle nella stanza adiacente. L'attività consiste nel camminare verso la zona finestra con postura eretta e movimenti autonomi. Non si rilevano segni di instabilità o rischi di caduta; il movimento appare fluido e sicuro.
[IA-STRATEGY] Prossimo check tra 30s (RISPARMIO)
[IA-STRATEGY] Prossimo check tra 50s (RISPARMIO)
[IA-STRATEGY] Prossimo check tra 70s (RISPARMIO)
[IA-STRATEGY] Prossimo check tra 90s (RISPARMIO)
[IA-STRATEGY] Prossimo check tra 10s (REATTIVO)
[09:03] [EVT×9] Presenza di due persone: un uomo e una donna. L'uomo è in piedi e si muove autonomamente verso il lato sinistro dell'inquadratura; la donna è in piedi sul divano, impegnata in un'attività manuale. Entrambi mostrano una postura eretta e movimenti che appaiono stabili, fluidi e senza segni di difficoltà motorie o rischio caduta.
[09:04] [FIX×1] La persona è presente, in piedi e di spalle nella stanza adiacente. L'attività consiste nel camminare verso la zona finestra con postura eretta e movimenti autonomi, fluidi e stabili. Non si rilevano segni di instabilità o rischi di caduta.
[IA-STRATEGY] Prossimo check tra 30s (RISPARMIO)
[IA-STRATEGY] Prossimo check tra 50s (RISPARMIO)
[ROTAZIONE] Movimento camera rilevato (Diff: 93.05), ignoro...
[IA-STRATEGY] Prossimo check tra 70s (RISPARMIO)
[IA-STRATEGY] Prossimo check tra 90s (RISPARMIO)
[IA-STRATEGY] Prossimo check tra 110s (RISPARMIO)
[IA-STRATEGY] Prossimo check tra 130s (RISPARMIO)
[IA-STRATEGY] Prossimo check tra 150s (RISPARMIO)
[IA-STRATEGY] Prossimo check tra 170s (RISPARMIO)
[IA-STRATEGY] Prossimo check tra 190s (RISPARMIO)
[IA-STRATEGY] Prossimo check tra 210s (RISPARMIO)
[IA-STRATEGY] Prossimo check tra 230s (RISPARMIO)
[IA-STRATEGY] Prossimo check tra 250s (RISPARMIO)
[IA-STRATEGY] Prossimo check tra 270s (RISPARMIO)
[IA-STRATEGY] Prossimo check tra 290s (RISPARMIO)
[IA-STRATEGY] Prossimo check tra 300s (RISPARMIO)
[09:09] [FIX×1] La persona non è visibile nell'inquadratura. Non è possibile effettuare alcuna valutazione clinica su postura, mobilità o rischi per la sicurezza.
[09:14] [FIX×1] La persona non è visibile nell'inquadratura. Non è possibile effettuare alcuna valutazione clinica su postura, mobilità o rischi per la sicurezza.
[09:19] [FIX×1] La persona non è visibile nell'inquadratura. Non è possibile effettuare alcuna valutazione clinica su postura, mobilità o rischi per la sicurezza.
[ROTAZIONE] Movimento camera rilevato (Diff: 85.17), ignoro...
[IA-STRATEGY] Prossimo check tra 10s (REATTIVO)
[09:23] [EVT×9] Presenza di una persona anziana. La persona è passata dalla posizione seduta a quella in piedi, muovendosi con autonomia verso la zona cucina/lavabo. Il cammino appare fluido e stabile, senza segni di difficoltà motorie o rischio caduta.
[09:23] [SKIP] Scena stabile (diff=0.3)
[IA-STRATEGY] Prossimo check tra 30s (RISPARMIO)
[IA-STRATEGY] Prossimo check tra 50s (RISPARMIO)
[IA-STRATEGY] Prossimo check tra 10s (REATTIVO)
[09:24] [EVT×9] La persona non è visibile nell'inquadratura. Non è possibile effettuare alcuna valutazione clinica su postura, mobilità o rischi per la sicurezza.
[09:24] [SKIP] Scena stabile (diff=1.3)
[IA-STRATEGY] Prossimo check tra 30s (RISPARMIO)
[IA-STRATEGY] Prossimo check tra 50s (RISPARMIO)
[IA-STRATEGY] Prossimo check tra 70s (RISPARMIO)
[IA-STRATEGY] Prossimo check tra 90s (RISPARMIO)
[IA-STRATEGY] Prossimo check tra 110s (RISPARMIO)
[IA-STRATEGY] Prossimo check tra 10s (REATTIVO)
[09:25] [EVT×9] La persona è presente ed è in piedi, intenta a camminare verso la zona lavabo. Il movimento appare autonomo e il passo sembra stabile, senza segni evidenti di difficoltà motorie o rischio caduta.
[IA-STRATEGY] Prossimo check tra 30s (RISPARMIO)
[IA-STRATEGY] Prossimo check tra 50s (RISPARMIO)
[IA-STRATEGY] Prossimo check tra 10s (REATTIVO)
[09:26] [EVT×9] La persona è presente ed è in piedi, intenta a camminare attraverso la stanza. Il movimento appare autonomo e il passo sembra stabile, nonostante l'effetto mosso dovuto alla velocità del movimento. Non si rilevano segni di instabilità o rischi immediati per la sicurezza.
[09:26] [SKIP] Scena stabile (diff=0.4)
[IA-STRATEGY] Prossimo check tra 30s (RISPARMIO)
[IA-STRATEGY] Prossimo check tra 50s (RISPARMIO)
[IA-STRATEGY] Prossimo check tra 70s (RISPARMIO)
[IA-STRATEGY] Prossimo check tra 90s (RISPARMIO)
[IA-STRATEGY] Prossimo check tra 110s (RISPARMIO)
[IA-STRATEGY] Prossimo check tra 130s (RISPARMIO)
[IA-STRATEGY] Prossimo check tra 10s (REATTIVO)
[09:28] [EVT×9] La persona è presente ed è in piedi, intenta a camminare attraverso la stanza. Il movimento appare autonomo e il passo sembra stabile, nonostante l'effetto mosso dovuto alla velocità del movimento. Non si rilevano segni di instabilità o rischi immediati per la sicurezza.
[09:28] [FIX×1] La persona non è visibile nell'inquadratura. Non è possibile effettuare alcuna valutazione clinica su postura, mobilità o rischi per la sicurezza.
[IA-STRATEGY] Prossimo check tra 30s (RISPARMIO)
[IA-STRATEGY] Prossimo check tra 50s (RISPARMIO)
[IA-STRATEGY] Prossimo check tra 70s (RISPARMIO)
[IA-STRATEGY] Prossimo check tra 90s (RISPARMIO)
[IA-STRATEGY] Prossimo check tra 110s (RISPARMIO)
[IA-STRATEGY] Prossimo check tra 130s (RISPARMIO)
[IA-STRATEGY] Prossimo check tra 150s (RISPARMIO)
[IA-STRATEGY] Prossimo check tra 170s (RISPARMIO)
[IA-STRATEGY] Prossimo check tra 190s (RISPARMIO)
[IA-STRATEGY] Prossimo check tra 210s (RISPARMIO)
[IA-STRATEGY] Prossimo check tra 230s (RISPARMIO)
[IA-STRATEGY] Prossimo check tra 250s (RISPARMIO)
[IA-STRATEGY] Prossimo check tra 270s (RISPARMIO)
[IA-STRATEGY] Prossimo check tra 290s (RISPARMIO)
[IA-STRATEGY] Prossimo check tra 300s (RISPARMIO)
[09:33] [FIX×1] La persona non è visibile nell'inquadratura. Non è possibile effettuare alcuna valutazione clinica su postura, mobilità o rischi per la sicurezza.
[09:33] [CMP] Ambiente invariato. Non si rilevano ostacoli, oggetti caduti o cambiamenti nella disposizione degli arredi che possano rappresentare nuovi rischi per la sicurezza.
[IA-STRATEGY] Prossimo check tra 10s (REATTIVO)
[09:36] [EVT×9] La persona è presente ed è in piedi, intenta a camminare attraverso la stanza. Il movimento appare autonomo e il passo sembra stabile, nonostante l'effetto mosso dovuto alla velocità del movimento. Non si rilevano segni di instabilità o rischi immediati per la sicurezza.
[09:37] [SKIP] Scena stabile (diff=1.3)
[IA-STRATEGY] Prossimo check tra 30s (RISPARMIO)
[IA-STRATEGY] Prossimo check tra 50s (RISPARMIO)
[IA-STRATEGY] Prossimo check tra 70s (RISPARMIO)
[IA-STRATEGY] Prossimo check tra 90s (RISPARMIO)
[IA-STRATEGY] Prossimo check tra 10s (REATTIVO)
[09:38] [EVT×9] La persona è presente ed è in posizione eretta, intenta a camminare verso l'interno della stanza. Il movimento appare autonomo e fluido; non si rilevano segni di instabilità o rischi immediati per la sicurezza.
[09:38] [SKIP] Scena stabile (diff=1.3)
[IA-STRATEGY] Prossimo check tra 30s (RISPARMIO)
[IA-STRATEGY] Prossimo check tra 50s (RISPARMIO)
[IA-STRATEGY] Prossimo check tra 70s (RISPARMIO)
[IA-STRATEGY] Prossimo check tra 90s (RISPARMIO)
[IA-STRATEGY] Prossimo check tra 10s (REATTIVO)
[09:39] [EVT×9] La persona è presente, in piedi e sta camminando attraverso la stanza. Il movimento appare autonomo, fluido e con passo stabile; non si rilevano segni di difficoltà o rischi di caduta.
[09:39] [SKIP] Scena stabile (diff=1.3)
[IA-STRATEGY] Prossimo check tra 30s (RISPARMIO)
[IA-STRATEGY] Prossimo check tra 50s (RISPARMIO)
[IA-STRATEGY] Prossimo check tra 70s (RISPARMIO)
[IA-STRATEGY] Prossimo check tra 90s (RISPARMIO)
[IA-STRATEGY] Prossimo check tra 110s (RISPARMIO)
[IA-STRATEGY] Prossimo check tra 130s (RISPARMIO)
[IA-STRATEGY] Prossimo check tra 150s (RISPARMIO)
[IA-STRATEGY] Prossimo check tra 170s (RISPARMIO)
[IA-STRATEGY] Prossimo check tra 190s (RISPARMIO)
[IA-STRATEGY] Prossimo check tra 210s (RISPARMIO)
[IA-STRATEGY] Prossimo check tra 230s (RISPARMIO)
[IA-STRATEGY] Prossimo check tra 250s (RISPARMIO)
[IA-STRATEGY] Prossimo check tra 270s (RISPARMIO)
[IA-STRATEGY] Prossimo check tra 290s (RISPARMIO)
[IA-STRATEGY] Prossimo check tra 300s (RISPARMIO)
[09:44] [FIX×1] La persona non è visibile nell'inquadratura. Non è possibile effettuare alcuna valutazione clinica su postura, mobilità o rischi per la sicurezza.
[09:49] [FIX×1] La persona non è visibile nell'inquadratura. Non è possibile effettuare alcuna valutazione clinica su postura, mobilità o rischi per la sicurezza.
[IA-STRATEGY] Prossimo check tra 10s (REATTIVO)
[09:51] [EVT×9] La persona è presente, in piedi e sta camminando attraverso la stanza. Il movimento appare autonomo e fluido; non si rilevano segni di instabilità, difficoltà motorie o rischi immediati per la sicurezza.
[09:51] [SKIP] Scena stabile (diff=1.4)
[IA-STRATEGY] Prossimo check tra 30s (RISPARMIO)
[IA-STRATEGY] Prossimo check tra 50s (RISPARMIO)
[IA-STRATEGY] Prossimo check tra 70s (RISPARMIO)
[IA-STRATEGY] Prossimo check tra 90s (RISPARMIO)
[IA-STRATEGY] Prossimo check tra 110s (RISPARMIO)
[IA-STRATEGY] Prossimo check tra 130s (RISPARMIO)
[IA-STRATEGY] Prossimo check tra 150s (RISPARMIO)
[IA-STRATEGY] Prossimo check tra 170s (RISPARMIO)
[IA-STRATEGY] Prossimo check tra 190s (RISPARMIO)
[IA-STRATEGY] Prossimo check tra 210s (RISPARMIO)
[IA-STRATEGY] Prossimo check tra 230s (RISPARMIO)
[IA-STRATEGY] Prossimo check tra 250s (RISPARMIO)
[IA-STRATEGY] Prossimo check tra 270s (RISPARMIO)
[IA-STRATEGY] Prossimo check tra 290s (RISPARMIO)
[IA-STRATEGY] Prossimo check tra 300s (RISPARMIO)
[09:56] [FIX×1] La persona non è visibile nell'inquadratura. Non è possibile effettuare alcuna valutazione clinica su postura, mobilità o rischi per la sicurezza.
[IA-STRATEGY] Prossimo check tra 20s (REATTIVO)
[09:57] [EVT×7] La persona non è visibile nell'inquadratura. Non è possibile effettuare alcuna valutazione clinica su postura, mobilità o rischi per la sicurezza.
[IA-STRATEGY] Prossimo check tra 40s (RISPARMIO)
[IA-STRATEGY] Prossimo check tra 60s (RISPARMIO)
[IA-STRATEGY] Prossimo check tra 80s (RISPARMIO)
[IA-STRATEGY] Prossimo check tra 100s (RISPARMIO)
[IA-STRATEGY] Prossimo check tra 120s (RISPARMIO)
[IA-STRATEGY] Prossimo check tra 140s (RISPARMIO)
[IA-STRATEGY] Prossimo check tra 160s (RISPARMIO)
[IA-STRATEGY] Prossimo check tra 180s (RISPARMIO)
[IA-STRATEGY] Prossimo check tra 20s (REATTIVO)
[09:59] [EVT×7] La persona non è visibile nell'inquadratura. Non è possibile effettuare alcuna valutazione clinica su postura, mobilità o rischi per la sicurezza.
[IA-STRATEGY] Prossimo check tra 40s (RISPARMIO)
[IA-STRATEGY] Prossimo check tra 60s (RISPARMIO)

[SINTESI 09:00] Ecco il riassunto clinico del periodo monitorato:

Durante l'intervallo temporale considerato, la persona ha mantenuto un livello di attività basato principalmente sulla deambulazione autonoma tra le diverse aree dell'abitazione. Il quadro motorio è risultato costante, caratterizzato da movimenti fluidi, postura eretta e un passo stabile, senza evidenza di instabilità o rischi di caduta. Non si sono rilevate variazioni significative nello stato funzionale o segnali di allarme clinico. L'ambiente è rimasto privo di ostacoli, garantendo la sicurezza durante gli spostamenti.

[IA-STRATEGY] Prossimo check tra 80s (RISPARMIO)
[IA-STRATEGY] Prossimo check tra 100s (RISPARMIO)
[IA-STRATEGY] Prossimo check tra 120s (RISPARMIO)
[IA-STRATEGY] Prossimo check tra 140s (RISPARMIO)
[IA-STRATEGY] Prossimo check tra 160s (RISPARMIO)
[IA-STRATEGY] Prossimo check tra 180s (RISPARMIO)
[IA-STRATEGY] Prossimo check tra 200s (RISPARMIO)
[IA-STRATEGY] Prossimo check tra 10s (REATTIVO)
[10:02] [EVT×9] La persona è presente, in piedi e sta camminando verso l'interno della stanza. Il movimento appare autonomo e fluido, senza segni di instabilità o difficoltà motorie rilevabili nonostante l'effetto mosso dell'immagine.
[10:02] [SKIP] Scena stabile (diff=1.3)
[IA-STRATEGY] Prossimo check tra 30s (RISPARMIO)
[IA-STRATEGY] Prossimo check tra 50s (RISPARMIO)
[IA-STRATEGY] Prossimo check tra 10s (REATTIVO)
[10:02] [EVT×9] La persona è presente, in piedi e sta camminando all'interno della stanza. Il movimento appare fluido e autonomo, senza segni di instabilità o difficoltà motorie rilevabili.
[10:03] [SKIP] Scena stabile (diff=1.3)
[IA-STRATEGY] Prossimo check tra 30s (RISPARMIO)
[IA-STRATEGY] Prossimo check tra 50s (RISPARMIO)
[IA-STRATEGY] Prossimo check tra 70s (RISPARMIO)
[IA-STRATEGY] Prossimo check tra 90s (RISPARMIO)
[IA-STRATEGY] Prossimo check tra 110s (RISPARMIO)
[IA-STRATEGY] Prossimo check tra 20s (REATTIVO)
[10:04] [EVT×7] La persona è presente, in piedi e sta camminando attraverso la stanza. Il movimento appare autonomo ma rapido, con un'andatura che risulta incerta a causa dell'effetto mosso nelle immagini. Non si rilevano segni di assistenza esterna o ostacoli evidenti durante lo spostamento.
[10:04] [CMP] Ambiente invariato. Non si rilevano nuovi ostacoli, oggetti a terra o cambiamenti nella disposizione degli arredi che possano rappresentare rischi per la sicurezza.
[IA-STRATEGY] Prossimo check tra 10s (REATTIVO)
[10:04] [EVT×9] La persona non è visibile nell'inquadratura. Non è possibile effettuare alcuna valutazione clinica su postura, mobilità o rischi per la sicurezza.
[IA-STRATEGY] Prossimo check tra 30s (RISPARMIO)
[IA-STRATEGY] Prossimo check tra 50s (RISPARMIO)
[IA-STRATEGY] Prossimo check tra 70s (RISPARMIO)
[IA-STRATEGY] Prossimo check tra 10s (REATTIVO)
[10:05] [EVT×9] La persona è presente, in piedi e sta camminando all'interno dell'ambiente. Il movimento appare autonomo ma rapido, con un'andatura che risulta incerta a causa dell'effetto mosso nelle immagini. Non si rilevano segni di assistenza o difficoltà motorie evidenti, sebbene la velocità suggerisca un movimento dinamico.
[10:06] [FIX×1] La persona non è visibile nell'inquadratura. Non è possibile effettuare alcuna valutazione clinica su postura, mobilità o rischi per la sicurezza.
[IA-STRATEGY] Prossimo check tra 30s (RISPARMIO)
[IA-STRATEGY] Prossimo check tra 50s (RISPARMIO)
[IA-STRATEGY] Prossimo check tra 70s (RISPARMIO)
[IA-STRATEGY] Prossimo check tra 90s (RISPARMIO)
[IA-STRATEGY] Prossimo check tra 110s (RISPARMIO)
[IA-STRATEGY] Prossimo check tra 130s (RISPARMIO)
[IA-STRATEGY] Prossimo check tra 10s (REATTIVO)
[10:07] [EVT×9] La persona non è visibile nell'inquadratura. Non è possibile effettuare alcuna valutazione clinica su postura, mobilità o rischi per la sicurezza.
[10:07] [SKIP] Scena stabile (diff=0.7)
[IA-STRATEGY] Prossimo check tra 30s (RISPARMIO)
[IA-STRATEGY] Prossimo check tra 50s (RISPARMIO)
[IA-STRATEGY] Prossimo check tra 70s (RISPARMIO)
[IA-STRATEGY] Prossimo check tra 90s (RISPARMIO)
[IA-STRATEGY] Prossimo check tra 10s (REATTIVO)
[10:08] [EVT×9] La persona non è visibile nell'inquadratura. Non è possibile effettuare alcuna valutazione clinica su postura, mobilità o rischi per la sicurezza.
[10:08] [SKIP] Scena stabile (diff=0.5)
[IA-STRATEGY] Prossimo check tra 30s (RISPARMIO)
[IA-STRATEGY] Prossimo check tra 50s (RISPARMIO)
[IA-STRATEGY] Prossimo check tra 70s (RISPARMIO)
[IA-STRATEGY] Prossimo check tra 90s (RISPARMIO)
[IA-STRATEGY] Prossimo check tra 110s (RISPARMIO)
[IA-STRATEGY] Prossimo check tra 130s (RISPARMIO)
[IA-STRATEGY] Prossimo check tra 150s (RISPARMIO)
[IA-STRATEGY] Prossimo check tra 170s (RISPARMIO)
[IA-STRATEGY] Prossimo check tra 190s (RISPARMIO)
[IA-STRATEGY] Prossimo check tra 210s (RISPARMIO)
[IA-STRATEGY] Prossimo check tra 230s (RISPARMIO)
[IA-STRATEGY] Prossimo check tra 250s (RISPARMIO)
[IA-STRATEGY] Prossimo check tra 270s (RISPARMIO)
[IA-STRATEGY] Prossimo check tra 290s (RISPARMIO)
[IA-STRATEGY] Prossimo check tra 300s (RISPARMIO)
[IA-STRATEGY] Prossimo check tra 20s (REATTIVO)
[10:13] [EVT×7] La persona non è visibile nell'inquadratura. Non è possibile effettuare alcuna valutazione clinica su postura, mobilità o rischi per la sicurezza.
[IA-STRATEGY] Prossimo check tra 40s (RISPARMIO)
[IA-STRATEGY] Prossimo check tra 60s (RISPARMIO)
[IA-STRATEGY] Prossimo check tra 80s (RISPARMIO)
[IA-STRATEGY] Prossimo check tra 100s (RISPARMIO)
[IA-STRATEGY] Prossimo check tra 120s (RISPARMIO)
[IA-STRATEGY] Prossimo check tra 140s (RISPARMIO)
[IA-STRATEGY] Prossimo check tra 160s (RISPARMIO)
[IA-STRATEGY] Prossimo check tra 180s (RISPARMIO)
[IA-STRATEGY] Prossimo check tra 200s (RISPARMIO)
[IA-STRATEGY] Prossimo check tra 220s (RISPARMIO)
[IA-STRATEGY] Prossimo check tra 10s (REATTIVO)
[10:15] [EVT×9] La persona non è visibile nell'inquadratura. Non è possibile effettuare alcuna valutazione clinica su postura, mobilità o rischi per la sicurezza.
[10:15] [FIX×1] La persona non è visibile nell'inquadratura. Non è possibile effettuare alcuna valutazione clinica su postura, mobilità o rischi per la sicurezza.
[IA-STRATEGY] Prossimo check tra 30s (RISPARMIO)
[IA-STRATEGY] Prossimo check tra 50s (RISPARMIO)
[IA-STRATEGY] Prossimo check tra 70s (RISPARMIO)
[IA-STRATEGY] Prossimo check tra 90s (RISPARMIO)
[IA-STRATEGY] Prossimo check tra 110s (RISPARMIO)
